2011-10-25 16:49:08  读入文件版本
2011-10-25 16:49:08  update version: V51051035 
2011-10-25 16:49:08  读入升级文件...
2011-10-25 16:49:08  File:	main.z Read In Buffer Finished!
2011-10-25 16:49:08  File Length is 2647334
2011-10-25 16:49:08  添加CRC校验
2011-10-25 16:49:08  创建服务器socket连接！
2011-10-25 16:49:08  监听STB连接请求

2011-10-25 16:49:08  等待STB连接!waiting...
2011-10-25 16:49:45  收到STB连接请求！
2011-10-25 16:49:45  发送升级流版本号：V51051035 
2011-10-25 16:49:45  等待STB确认信息...
2011-10-25 16:49:45  接收机顶盒信息：close
2011-10-25 16:49:45  机顶盒程序版本已经最新
2011-10-25 16:49:45  释放连接

2011-10-25 16:49:45  等待STB连接!waiting...
2011-10-25 16:50:17  收到STB连接请求！
2011-10-25 16:50:17  发送升级流版本号：V51051035 
2011-10-25 16:50:17  等待STB确认信息...
2011-10-25 16:50:17  接收机顶盒信息：close
2011-10-25 16:50:17  机顶盒程序版本已经最新
2011-10-25 16:50:17  释放连接

2011-10-25 16:50:17  等待STB连接!waiting...
2011-10-25 16:50:50  收到STB连接请求！
2011-10-25 16:50:50  发送升级流版本号：V51051035 
2011-10-25 16:50:50  等待STB确认信息...
2011-10-25 16:50:50  接收机顶盒信息：close
2011-10-25 16:50:50  机顶盒程序版本已经最新
2011-10-25 16:50:50  释放连接

2011-10-25 16:50:50  等待STB连接!waiting...
2011-10-25 16:51:22  收到STB连接请求！
2011-10-25 16:51:22  发送升级流版本号：V51051035 
2011-10-25 16:51:22  等待STB确认信息...
2011-10-25 16:51:22  接收机顶盒信息：close
2011-10-25 16:51:22  机顶盒程序版本已经最新
2011-10-25 16:51:22  释放连接

2011-10-25 16:51:22  等待STB连接!waiting...
2011-10-25 16:51:55  收到STB连接请求！
2011-10-25 16:51:55  发送升级流版本号：V51051035 
2011-10-25 16:51:55  等待STB确认信息...
2011-10-25 16:51:55  接收机顶盒信息：close
2011-10-25 16:51:55  机顶盒程序版本已经最新
2011-10-25 16:51:55  释放连接

2011-10-25 16:51:55  等待STB连接!waiting...
2011-10-25 16:52:28  收到STB连接请求！
2011-10-25 16:52:28  发送升级流版本号：V51051035 
2011-10-25 16:52:28  等待STB确认信息...
2011-10-25 16:52:28  接收机顶盒信息：close
2011-10-25 16:52:28  机顶盒程序版本已经最新
2011-10-25 16:52:28  释放连接

2011-10-25 16:52:28  等待STB连接!waiting...
2011-10-25 16:52:58  收到STB连接请求！
2011-10-25 16:52:58  发送升级流版本号：V51051035 
2011-10-25 16:52:58  等待STB确认信息...
2011-10-25 16:52:58  接收机顶盒信息：close
2011-10-25 16:52:58  机顶盒程序版本已经最新
2011-10-25 16:52:58  释放连接

2011-10-25 16:52:58  等待STB连接!waiting...
2011-10-25 16:53:30  收到STB连接请求！
2011-10-25 16:53:30  发送升级流版本号：V51051035 
2011-10-25 16:53:30  等待STB确认信息...
2011-10-25 16:53:30  接收机顶盒信息：close
2011-10-25 16:53:30  机顶盒程序版本已经最新
2011-10-25 16:53:30  释放连接

2011-10-25 16:53:30  等待STB连接!waiting...
2011-10-25 16:54:00  收到STB连接请求！
2011-10-25 16:54:00  发送升级流版本号：V51051035 
2011-10-25 16:54:00  等待STB确认信息...
2011-10-25 16:54:00  接收机顶盒信息：close
2011-10-25 16:54:00  机顶盒程序版本已经最新
2011-10-25 16:54:00  释放连接

2011-10-25 16:54:00  等待STB连接!waiting...
2011-10-25 16:54:30  收到STB连接请求！
2011-10-25 16:54:30  发送升级流版本号：V51051035 
2011-10-25 16:54:30  等待STB确认信息...
2011-10-25 16:54:30  接收机顶盒信息：close
2011-10-25 16:54:30  机顶盒程序版本已经最新
2011-10-25 16:54:30  释放连接

2011-10-25 16:54:30  等待STB连接!waiting...
2011-10-25 16:55:00  收到STB连接请求！
2011-10-25 16:55:00  发送升级流版本号：V51051035 
2011-10-25 16:55:00  等待STB确认信息...
2011-10-25 16:55:00  接收机顶盒信息：close
2011-10-25 16:55:00  机顶盒程序版本已经最新
2011-10-25 16:55:00  释放连接

2011-10-25 16:55:00  等待STB连接!waiting...
2011-10-25 16:55:30  收到STB连接请求！
2011-10-25 16:55:30  发送升级流版本号：V51051035 
2011-10-25 16:55:30  等待STB确认信息...
2011-10-25 16:55:30  接收机顶盒信息：close
2011-10-25 16:55:30  机顶盒程序版本已经最新
2011-10-25 16:55:30  释放连接

2011-10-25 16:55:30  等待STB连接!waiting...
2011-10-25 16:56:00  收到STB连接请求！
2011-10-25 16:56:00  发送升级流版本号：V51051035 
2011-10-25 16:56:00  等待STB确认信息...
2011-10-25 16:56:01  接收机顶盒信息：close
2011-10-25 16:56:01  机顶盒程序版本已经最新
2011-10-25 16:56:01  释放连接

2011-10-25 16:56:01  等待STB连接!waiting...
2011-10-25 17:9:59  网络线程已退出
2011-10-25 17:10:00  退出程序

2011-10-25 17:16:28  读入文件版本
2011-10-25 17:16:28  update version: V51051037 
2011-10-25 17:16:28  读入升级文件...
2011-10-25 17:16:28  File:	main.z Read In Buffer Finished!
2011-10-25 17:16:28  File Length is 2647334
2011-10-25 17:16:28  添加CRC校验
2011-10-25 17:16:28  创建服务器socket连接！
2011-10-25 17:16:28  监听STB连接请求

2011-10-25 17:16:28  等待STB连接!waiting...
2011-10-25 17:26:09  收到STB连接请求！
2011-10-25 17:26:09  发送升级流版本号：V51051037 
2011-10-25 17:26:09  等待STB确认信息...
2011-10-25 17:26:09  接收机顶盒信息：upid
2011-10-25 17:26:09  发送升级数据...
2011-10-25 17:26:25  send_num = 2647338
2011-10-25 17:26:25  升级文件: main.z 发送完毕!
2011-10-25 17:26:25  等待STB确认信息
2011-10-25 17:26:26  接收机顶盒信息：close
2011-10-25 17:26:26  机顶盒端接收完毕
2011-10-25 17:26:26  释放连接

2011-10-25 17:26:26  等待STB连接!waiting...
2011-10-25 17:27:33  收到STB连接请求！
2011-10-25 17:27:33  发送升级流版本号：V51051037 
2011-10-25 17:27:33  等待STB确认信息...
2011-10-25 17:27:33  接收机顶盒信息：close
2011-10-25 17:27:33  机顶盒程序版本已经最新
2011-10-25 17:27:33  释放连接

2011-10-25 17:27:33  等待STB连接!waiting...
2011-10-25 17:28:03  收到STB连接请求！
2011-10-25 17:28:03  发送升级流版本号：V51051037 
2011-10-25 17:28:03  等待STB确认信息...
2011-10-25 17:28:03  接收机顶盒信息：close
2011-10-25 17:28:03  机顶盒程序版本已经最新
2011-10-25 17:28:03  释放连接

2011-10-25 17:28:03  等待STB连接!waiting...
2011-10-25 17:28:33  收到STB连接请求！
2011-10-25 17:28:33  发送升级流版本号：V51051037 
2011-10-25 17:28:33  等待STB确认信息...
2011-10-25 17:28:33  接收机顶盒信息：close
2011-10-25 17:28:33  机顶盒程序版本已经最新
2011-10-25 17:28:33  释放连接

2011-10-25 17:28:33  等待STB连接!waiting...
2011-10-25 17:29:03  收到STB连接请求！
2011-10-25 17:29:03  发送升级流版本号：V51051037 
2011-10-25 17:29:03  等待STB确认信息...
2011-10-25 17:29:03  接收机顶盒信息：close
2011-10-25 17:29:03  机顶盒程序版本已经最新
2011-10-25 17:29:03  释放连接

2011-10-25 17:29:03  等待STB连接!waiting...
2011-10-25 17:29:33  收到STB连接请求！
2011-10-25 17:29:33  发送升级流版本号：V51051037 
2011-10-25 17:29:33  等待STB确认信息...
2011-10-25 17:29:33  接收机顶盒信息：close
2011-10-25 17:29:33  机顶盒程序版本已经最新
2011-10-25 17:29:33  释放连接

2011-10-25 17:29:33  等待STB连接!waiting...
2011-10-25 17:30:04  收到STB连接请求！
2011-10-25 17:30:04  发送升级流版本号：V51051037 
2011-10-25 17:30:04  等待STB确认信息...
2011-10-25 17:30:04  接收机顶盒信息：close
2011-10-25 17:30:04  机顶盒程序版本已经最新
2011-10-25 17:30:04  释放连接

2011-10-25 17:30:04  等待STB连接!waiting...
2011-10-25 17:30:34  收到STB连接请求！
2011-10-25 17:30:34  发送升级流版本号：V51051037 
2011-10-25 17:30:34  等待STB确认信息...
2011-10-25 17:30:34  接收机顶盒信息：close
2011-10-25 17:30:34  机顶盒程序版本已经最新
2011-10-25 17:30:34  释放连接

2011-10-25 17:30:34  等待STB连接!waiting...
2011-10-25 17:31:04  收到STB连接请求！
2011-10-25 17:31:04  发送升级流版本号：V51051037 
2011-10-25 17:31:04  等待STB确认信息...
2011-10-25 17:31:04  接收机顶盒信息：close
2011-10-25 17:31:04  机顶盒程序版本已经最新
2011-10-25 17:31:04  释放连接

2011-10-25 17:31:04  等待STB连接!waiting...
2011-10-25 17:31:34  收到STB连接请求！
2011-10-25 17:31:34  发送升级流版本号：V51051037 
2011-10-25 17:31:34  等待STB确认信息...
2011-10-25 17:31:34  接收机顶盒信息：close
2011-10-25 17:31:34  机顶盒程序版本已经最新
2011-10-25 17:31:34  释放连接

2011-10-25 17:31:34  等待STB连接!waiting...
2011-10-25 17:31:48  网络线程已退出
2011-10-25 17:31:50  退出程序

2011-10-25 18:27:54  读入文件版本
2011-10-25 18:27:55  update version: V51051038 
2011-10-25 18:27:55  读入升级文件...
2011-10-25 18:27:55  File:	main.z Read In Buffer Finished!
2011-10-25 18:27:55  File Length is 2647568
2011-10-25 18:27:55  添加CRC校验
2011-10-25 18:27:55  创建服务器socket连接！
2011-10-25 18:27:55  监听STB连接请求

2011-10-25 18:27:55  等待STB连接!waiting...
2011-10-25 18:28:02  网络线程已退出
2011-10-25 18:28:04  退出程序

2011-10-25 18:28:36  读入文件版本
2011-10-25 18:28:37  update version: V51051038 
2011-10-25 18:28:37  读入升级文件...
2011-10-25 18:28:37  File:	main.z Read In Buffer Finished!
2011-10-25 18:28:37  File Length is 2647568
2011-10-25 18:28:37  添加CRC校验
2011-10-25 18:28:37  创建服务器socket连接！
2011-10-25 18:28:37  监听STB连接请求

2011-10-25 18:28:37  等待STB连接!waiting...
2011-10-25 18:29:19  收到STB连接请求！
2011-10-25 18:29:19  发送升级流版本号：V51051038 
2011-10-25 18:29:19  等待STB确认信息...
2011-10-25 18:29:19  接收机顶盒信息：upid
2011-10-25 18:29:19  发送升级数据...
2011-10-25 18:29:57  send error:10054
2011-10-25 18:29:57  File_Send:	main.z Failed!
2011-10-25 18:29:57  close current connect!
2011-10-25 18:29:57  连接错误，释放连接

2011-10-25 18:29:57  等待STB连接!waiting...
2011-10-25 18:30:44  收到STB连接请求！
2011-10-25 18:30:44  发送升级流版本号：V51051038 
2011-10-25 18:30:44  等待STB确认信息...
2011-10-25 18:30:44  接收机顶盒信息：upid
2011-10-25 18:30:44  发送升级数据...
2011-10-25 18:31:04  send_num = 2647572
2011-10-25 18:31:04  升级文件: main.z 发送完毕!
2011-10-25 18:31:05  等待STB确认信息
2011-10-25 18:31:06  接收机顶盒信息：close
2011-10-25 18:31:06  机顶盒端接收完毕
2011-10-25 18:31:06  释放连接

2011-10-25 18:31:06  等待STB连接!waiting...
2011-10-25 18:34:07  收到STB连接请求！
2011-10-25 18:34:07  发送升级流版本号：V51051038 
2011-10-25 18:34:07  等待STB确认信息...
2011-10-25 18:34:07  接收机顶盒信息：close
2011-10-25 18:34:07  机顶盒程序版本已经最新
2011-10-25 18:34:07  释放连接

2011-10-25 18:34:07  等待STB连接!waiting...
2011-10-25 18:34:37  收到STB连接请求！
2011-10-25 18:34:37  发送升级流版本号：V51051038 
2011-10-25 18:34:37  等待STB确认信息...
2011-10-25 18:34:37  接收机顶盒信息：close
2011-10-25 18:34:37  机顶盒程序版本已经最新
2011-10-25 18:34:37  释放连接

2011-10-25 18:34:37  等待STB连接!waiting...
2011-10-25 18:34:53  更新升级文件...
2011-10-25 18:34:53  读入文件版本
2011-10-25 18:34:53  update version: V51051022 
2011-10-25 18:34:53  读入升级文件...
2011-10-25 18:34:53  File:	main.z Read In Buffer Finished!
2011-10-25 18:34:53  File Length is 2647568
2011-10-25 18:34:53  添加CRC校验
2011-10-25 18:34:53  等待STB连接!waiting...

2011-10-25 18:35:07  收到STB连接请求！
2011-10-25 18:35:07  发送升级流版本号：V51051022 
2011-10-25 18:35:07  等待STB确认信息...
2011-10-25 18:35:07  接收机顶盒信息：upid
2011-10-25 18:35:07  发送升级数据...
2011-10-25 18:36:29  send error:10054
2011-10-25 18:36:29  File_Send:	main.z Failed!
2011-10-25 18:36:30  close current connect!
2011-10-25 18:36:30  连接错误，释放连接

2011-10-25 18:36:30  等待STB连接!waiting...
2011-10-25 18:36:30  收到STB连接请求！
2011-10-25 18:36:30  发送升级流版本号：V51051022 
2011-10-25 18:36:30  等待STB确认信息...
2011-10-25 18:36:30  接收机顶盒信息：upid
2011-10-25 18:36:30  发送升级数据...
2011-10-25 18:37:37  send error:10054
2011-10-25 18:37:37  File_Send:	main.z Failed!
2011-10-25 18:37:37  close current connect!
2011-10-25 18:37:37  连接错误，释放连接

2011-10-25 18:37:37  等待STB连接!waiting...
2011-10-25 18:38:16  收到STB连接请求！
2011-10-25 18:38:16  发送升级流版本号：V51051022 
2011-10-25 18:38:16  版本号发送失败！
2011-10-25 18:38:16  网络线程已退出
2011-10-25 18:38:47  退出程序

2011-10-25 18:53:53  读入文件版本
2011-10-25 18:53:53  update version: V51051022 
2011-10-25 18:53:53  读入升级文件...
2011-10-25 18:53:53  File:	main.z Read In Buffer Finished!
2011-10-25 18:53:53  File Length is 2647568
2011-10-25 18:53:53  添加CRC校验
2011-10-25 18:53:53  创建服务器socket连接！
2011-10-25 18:53:53  监听STB连接请求

2011-10-25 18:53:53  等待STB连接!waiting...
2011-10-25 18:53:58  更新升级文件...
2011-10-25 18:53:58  读入文件版本
2011-10-25 18:53:58  update version: V51051022 
2011-10-25 18:53:58  读入升级文件...
2011-10-25 18:53:58  File:	main.z Read In Buffer Finished!
2011-10-25 18:53:58  File Length is 2647568
2011-10-25 18:53:58  添加CRC校验
2011-10-25 18:53:58  等待STB连接!waiting...

2011-10-25 18:57:12  收到STB连接请求！
2011-10-25 18:57:12  发送升级流版本号：V51051022 
2011-10-25 18:57:12  等待STB确认信息...
2011-10-25 18:57:12  接收机顶盒信息：upid
2011-10-25 18:57:12  发送升级数据...
2011-10-25 18:58:15  send error:10054
2011-10-25 18:58:15  File_Send:	main.z Failed!
2011-10-25 18:58:15  close current connect!
2011-10-25 18:58:15  连接错误，释放连接

2011-10-25 18:58:15  等待STB连接!waiting...
2011-10-25 18:58:29  收到STB连接请求！
2011-10-25 18:58:29  发送升级流版本号：V51051022 
2011-10-25 18:58:29  等待STB确认信息...
2011-10-25 18:58:29  接收机顶盒信息：upid
2011-10-25 18:58:29  发送升级数据...
2011-10-25 18:59:12  send error:10054
2011-10-25 18:59:12  File_Send:	main.z Failed!
2011-10-25 18:59:12  close current connect!
2011-10-25 18:59:12  连接错误，释放连接

2011-10-25 18:59:12  等待STB连接!waiting...
2011-10-25 18:59:59  收到STB连接请求！
2011-10-25 18:59:59  发送升级流版本号：V51051022 
2011-10-25 18:59:59  等待STB确认信息...
2011-10-25 18:59:59  接收机顶盒信息：upid
2011-10-25 18:59:59  发送升级数据...
2011-10-25 19:0:42  send error:10054
2011-10-25 19:0:42  File_Send:	main.z Failed!
2011-10-25 19:0:42  close current connect!
2011-10-25 19:0:42  连接错误，释放连接

2011-10-25 19:0:42  等待STB连接!waiting...
2011-10-25 19:1:29  收到STB连接请求！
2011-10-25 19:1:29  发送升级流版本号：V51051022 
2011-10-25 19:1:29  等待STB确认信息...
2011-10-25 19:1:29  接收机顶盒信息：upid
2011-10-25 19:1:29  发送升级数据...
2011-10-25 19:2:12  send error:10054
2011-10-25 19:2:12  File_Send:	main.z Failed!
2011-10-25 19:2:12  close current connect!
2011-10-25 19:2:12  连接错误，释放连接

2011-10-25 19:2:12  等待STB连接!waiting...
2011-10-25 19:2:59  收到STB连接请求！
2011-10-25 19:2:59  发送升级流版本号：V51051022 
2011-10-25 19:2:59  等待STB确认信息...
2011-10-25 19:2:59  接收机顶盒信息：upid
2011-10-25 19:2:59  发送升级数据...
2011-10-25 19:3:42  send error:10054
2011-10-25 19:3:42  File_Send:	main.z Failed!
2011-10-25 19:3:42  close current connect!
2011-10-25 19:3:42  连接错误，释放连接

2011-10-25 19:3:42  等待STB连接!waiting...
2011-10-25 19:4:29  收到STB连接请求！
2011-10-25 19:4:29  发送升级流版本号：V51051022 
2011-10-25 19:4:29  等待STB确认信息...
2011-10-25 19:4:29  接收机顶盒信息：upid
2011-10-25 19:4:30  发送升级数据...
2011-10-25 19:5:22  send_num = 2647572
2011-10-25 19:5:22  升级文件: main.z 发送完毕!
2011-10-25 19:5:22  等待STB确认信息
2011-10-25 19:5:27  接收机顶盒信息：close
2011-10-25 19:5:27  机顶盒端接收完毕
2011-10-25 19:5:27  释放连接

2011-10-25 19:5:27  等待STB连接!waiting...
2011-10-25 19:5:57  收到STB连接请求！
2011-10-25 19:5:57  发送升级流版本号：V51051022 
2011-10-25 19:5:57  等待STB确认信息...
2011-10-25 19:5:57  接收机顶盒信息：upid
2011-10-25 19:5:57  发送升级数据...
2011-10-25 19:6:19  send_num = 2647572
2011-10-25 19:6:19  升级文件: main.z 发送完毕!
2011-10-25 19:6:19  等待STB确认信息
2011-10-25 19:6:20  接收机顶盒信息：close
2011-10-25 19:6:20  机顶盒端接收完毕
2011-10-25 19:6:20  释放连接

2011-10-25 19:6:20  等待STB连接!waiting...
2011-10-25 19:28:15  网络线程已退出
2011-10-25 19:28:17  退出程序

2011-10-25 19:28:57  读入文件版本
2011-10-25 19:28:57  update version: V51051022 
2011-10-25 19:28:57  读入升级文件...
2011-10-25 19:28:57  File:	main.z Read In Buffer Finished!
2011-10-25 19:28:57  File Length is 2647568
2011-10-25 19:28:57  添加CRC校验
2011-10-25 19:28:57  创建服务器socket连接！
2011-10-25 19:28:57  监听STB连接请求

2011-10-25 19:28:57  等待STB连接!waiting...
2011-10-25 19:30:13  收到STB连接请求！
2011-10-25 19:30:13  发送升级流版本号：V51051022 
2011-10-25 19:30:13  等待STB确认信息...
2011-10-25 19:30:13  接收机顶盒信息：close
2011-10-25 19:30:13  机顶盒程序版本已经最新
2011-10-25 19:30:13  释放连接

2011-10-25 19:30:13  等待STB连接!waiting...
2011-10-25 19:30:43  收到STB连接请求！
2011-10-25 19:30:43  发送升级流版本号：V51051022 
2011-10-25 19:30:43  等待STB确认信息...
2011-10-25 19:30:43  接收机顶盒信息：close
2011-10-25 19:30:43  机顶盒程序版本已经最新
2011-10-25 19:30:43  释放连接

2011-10-25 19:30:43  等待STB连接!waiting...
2011-10-25 19:30:54  更新升级文件...
2011-10-25 19:30:54  读入文件版本
2011-10-25 19:30:54  update version: V51051023 
2011-10-25 19:30:54  读入升级文件...
2011-10-25 19:30:55  File:	main.z Read In Buffer Finished!
2011-10-25 19:30:55  File Length is 2647568
2011-10-25 19:30:55  添加CRC校验
2011-10-25 19:30:55  等待STB连接!waiting...

2011-10-25 19:31:13  收到STB连接请求！
2011-10-25 19:31:13  发送升级流版本号：V51051023 
2011-10-25 19:31:13  等待STB确认信息...
2011-10-25 19:31:13  接收机顶盒信息：upid
2011-10-25 19:31:13  发送升级数据...
2011-10-25 19:31:34  send_num = 2647572
2011-10-25 19:31:34  升级文件: main.z 发送完毕!
2011-10-25 19:31:34  等待STB确认信息
2011-10-25 19:31:35  接收机顶盒信息：close
2011-10-25 19:31:35  机顶盒端接收完毕
2011-10-25 19:31:35  释放连接

2011-10-25 19:31:35  等待STB连接!waiting...
2011-10-25 19:32:52  收到STB连接请求！
2011-10-25 19:32:52  发送升级流版本号：V51051023 
2011-10-25 19:32:52  等待STB确认信息...
2011-10-25 19:32:52  接收机顶盒信息：close
2011-10-25 19:32:52  机顶盒程序版本已经最新
2011-10-25 19:32:52  释放连接

2011-10-25 19:32:52  等待STB连接!waiting...
2011-10-25 19:34:05  更新升级文件...
2011-10-25 19:34:05  读入文件版本
2011-10-25 19:34:05  update version: V51051024 
2011-10-25 19:34:05  读入升级文件...
2011-10-25 19:34:05  File:	main.z Read In Buffer Finished!
2011-10-25 19:34:05  File Length is 2647568
2011-10-25 19:34:05  添加CRC校验
2011-10-25 19:34:05  等待STB连接!waiting...

2011-10-25 19:35:03  收到STB连接请求！
2011-10-25 19:35:03  发送升级流版本号：V51051024 
2011-10-25 19:35:03  等待STB确认信息...
2011-10-25 19:35:03  接收机顶盒信息：upid
2011-10-25 19:35:03  发送升级数据...
2011-10-25 19:36:25  send error:10054
2011-10-25 19:36:25  File_Send:	main.z Failed!
2011-10-25 19:36:25  close current connect!
2011-10-25 19:36:25  连接错误，释放连接

2011-10-25 19:36:25  等待STB连接!waiting...
2011-10-25 19:36:25  收到STB连接请求！
2011-10-25 19:36:25  发送升级流版本号：V51051024 
2011-10-25 19:36:25  等待STB确认信息...
2011-10-25 19:36:26  接收机顶盒信息：upid
2011-10-25 19:36:26  发送升级数据...
2011-10-25 19:37:04  send error:10054
2011-10-25 19:37:04  File_Send:	main.z Failed!
2011-10-25 19:37:04  close current connect!
2011-10-25 19:37:04  连接错误，释放连接

2011-10-25 19:37:04  等待STB连接!waiting...
2011-10-25 19:37:51  收到STB连接请求！
2011-10-25 19:37:51  发送升级流版本号：V51051024 
2011-10-25 19:37:51  等待STB确认信息...
2011-10-25 19:37:51  接收机顶盒信息：upid
2011-10-25 19:37:51  发送升级数据...
2011-10-25 19:38:34  send error:10054
2011-10-25 19:38:34  File_Send:	main.z Failed!
2011-10-25 19:38:34  close current connect!
2011-10-25 19:38:34  连接错误，释放连接

2011-10-25 19:38:34  等待STB连接!waiting...
2011-10-25 19:39:21  收到STB连接请求！
2011-10-25 19:39:21  发送升级流版本号：V51051024 
2011-10-25 19:39:21  等待STB确认信息...
2011-10-25 19:39:21  接收机顶盒信息：upid
2011-10-25 19:39:21  发送升级数据...
2011-10-25 19:40:04  send error:10054
2011-10-25 19:40:04  File_Send:	main.z Failed!
2011-10-25 19:40:04  close current connect!
2011-10-25 19:40:04  连接错误，释放连接

2011-10-25 19:40:04  等待STB连接!waiting...
2011-10-25 19:48:35  收到STB连接请求！
2011-10-25 19:48:35  发送升级流版本号：V51051024 
2011-10-25 19:48:35  等待STB确认信息...
2011-10-25 19:48:35  接收机顶盒信息：upid
2011-10-25 19:48:35  发送升级数据...
2011-10-25 19:48:48  send_num = 2647572
2011-10-25 19:48:48  升级文件: main.z 发送完毕!
2011-10-25 19:48:48  等待STB确认信息
2011-10-25 19:48:49  接收机顶盒信息：close
2011-10-25 19:48:49  机顶盒端接收完毕
2011-10-25 19:48:49  释放连接

2011-10-25 19:48:49  等待STB连接!waiting...
2011-10-25 19:51:23  更新升级文件...
2011-10-25 19:51:23  读入文件版本
2011-10-25 19:51:23  update version: V51051023 
2011-10-25 19:51:23  读入升级文件...
2011-10-25 19:51:23  File:	main.z Read In Buffer Finished!
2011-10-25 19:51:23  File Length is 2647568
2011-10-25 19:51:23  添加CRC校验
2011-10-25 19:51:23  等待STB连接!waiting...

2011-10-25 19:52:31  收到STB连接请求！
2011-10-25 19:52:31  发送升级流版本号：V51051023 
2011-10-25 19:52:31  等待STB确认信息...
2011-10-25 19:52:31  接收机顶盒信息：upid
2011-10-25 19:52:31  发送升级数据...
2011-10-25 19:52:52  send_num = 2647572
2011-10-25 19:52:52  升级文件: main.z 发送完毕!
2011-10-25 19:52:52  等待STB确认信息
2011-10-25 19:52:53  接收机顶盒信息：close
2011-10-25 19:52:53  机顶盒端接收完毕
2011-10-25 19:52:53  释放连接

2011-10-25 19:52:53  等待STB连接!waiting...
2011-10-25 20:6:38  收到STB连接请求！
2011-10-25 20:6:38  发送升级流版本号：V51051023 
2011-10-25 20:6:38  等待STB确认信息...
2011-10-25 20:6:38  接收机顶盒信息：close
2011-10-25 20:6:38  机顶盒程序版本已经最新
2011-10-25 20:6:38  释放连接

2011-10-25 20:6:38  等待STB连接!waiting...
2011-10-25 20:6:56  更新升级文件...
2011-10-25 20:6:56  读入文件版本
2011-10-25 20:6:56  update version: V51051025 
2011-10-25 20:6:56  读入升级文件...
2011-10-25 20:6:56  File:	main.z Read In Buffer Finished!
2011-10-25 20:6:57  File Length is 2647568
2011-10-25 20:6:57  添加CRC校验
2011-10-25 20:6:57  等待STB连接!waiting...

2011-10-25 20:7:08  收到STB连接请求！
2011-10-25 20:7:08  发送升级流版本号：V51051025 
2011-10-25 20:7:08  等待STB确认信息...
2011-10-25 20:7:08  接收机顶盒信息：upid
2011-10-25 20:7:08  发送升级数据...
2011-10-25 20:7:29  send_num = 2647572
2011-10-25 20:7:29  升级文件: main.z 发送完毕!
2011-10-25 20:7:29  等待STB确认信息
2011-10-25 20:7:30  接收机顶盒信息：close
2011-10-25 20:7:30  机顶盒端接收完毕
2011-10-25 20:7:30  释放连接

2011-10-25 20:7:30  等待STB连接!waiting...
2011-10-25 20:8:47  收到STB连接请求！
2011-10-25 20:8:47  发送升级流版本号：V51051025 
2011-10-25 20:8:47  等待STB确认信息...
2011-10-25 20:8:47  接收机顶盒信息：close
2011-10-25 20:8:47  机顶盒程序版本已经最新
2011-10-25 20:8:47  释放连接

2011-10-25 20:8:47  等待STB连接!waiting...
2011-10-25 20:9:17  收到STB连接请求！
2011-10-25 20:9:17  发送升级流版本号：V51051025 
2011-10-25 20:9:17  等待STB确认信息...
2011-10-25 20:9:17  接收机顶盒信息：close
2011-10-25 20:9:17  机顶盒程序版本已经最新
2011-10-25 20:9:17  释放连接

2011-10-25 20:9:17  等待STB连接!waiting...
2011-10-25 20:16:37  收到STB连接请求！
2011-10-25 20:16:37  发送升级流版本号：V51051025 
2011-10-25 20:16:37  等待STB确认信息...
2011-10-25 20:16:37  接收机顶盒信息：close
2011-10-25 20:16:37  机顶盒程序版本已经最新
2011-10-25 20:16:37  释放连接

2011-10-25 20:16:37  等待STB连接!waiting...
2011-10-25 20:17:07  收到STB连接请求！
2011-10-25 20:17:07  发送升级流版本号：V51051025 
2011-10-25 20:17:07  等待STB确认信息...
2011-10-25 20:17:07  接收机顶盒信息：close
2011-10-25 20:17:07  机顶盒程序版本已经最新
2011-10-25 20:17:07  释放连接

2011-10-25 20:17:07  等待STB连接!waiting...
2011-10-25 20:39:17  收到STB连接请求！
2011-10-25 20:39:17  发送升级流版本号：V51051025 
2011-10-25 20:39:17  等待STB确认信息...
2011-10-25 20:39:17  接收机顶盒信息：close
2011-10-25 20:39:17  机顶盒程序版本已经最新
2011-10-25 20:39:17  释放连接

2011-10-25 20:39:17  等待STB连接!waiting...
2011-10-25 20:39:47  收到STB连接请求！
2011-10-25 20:39:47  发送升级流版本号：V51051025 
2011-10-25 20:39:47  等待STB确认信息...
2011-10-25 20:39:47  接收机顶盒信息：close
2011-10-25 20:39:47  机顶盒程序版本已经最新
2011-10-25 20:39:47  释放连接

2011-10-25 20:39:47  等待STB连接!waiting...
2011-10-25 20:40:15  更新升级文件...
2011-10-25 20:40:15  读入文件版本
2011-10-25 20:40:15  update version: V51051026 
2011-10-25 20:40:15  读入升级文件...
2011-10-25 20:40:15  File:	main.z Read In Buffer Finished!
2011-10-25 20:40:15  File Length is 2647568
2011-10-25 20:40:15  添加CRC校验
2011-10-25 20:40:15  等待STB连接!waiting...

2011-10-25 20:40:17  收到STB连接请求！
2011-10-25 20:40:17  发送升级流版本号：V51051026 
2011-10-25 20:40:17  等待STB确认信息...
2011-10-25 20:40:17  接收机顶盒信息：upid
2011-10-25 20:40:17  发送升级数据...
2011-10-25 20:40:38  send_num = 2647572
2011-10-25 20:40:38  升级文件: main.z 发送完毕!
2011-10-25 20:40:38  等待STB确认信息
2011-10-25 20:40:39  接收机顶盒信息：close
2011-10-25 20:40:39  机顶盒端接收完毕
2011-10-25 20:40:39  释放连接

2011-10-25 20:40:39  等待STB连接!waiting...
2011-10-25 20:59:24  更新升级文件...
2011-10-25 20:59:24  读入文件版本
2011-10-25 20:59:24  update version: V51051027 
2011-10-25 20:59:24  读入升级文件...
2011-10-25 20:59:24  File:	main.z Read In Buffer Finished!
2011-10-25 20:59:24  File Length is 2647566
2011-10-25 20:59:24  添加CRC校验
2011-10-25 20:59:24  等待STB连接!waiting...

2011-10-25 21:0:23  收到STB连接请求！
2011-10-25 21:0:23  发送升级流版本号：V51051027 
2011-10-25 21:0:23  等待STB确认信息...
2011-10-25 21:0:23  接收机顶盒信息：upid
2011-10-25 21:0:23  发送升级数据...
2011-10-25 21:0:44  send_num = 2647570
2011-10-25 21:0:44  升级文件: main.z 发送完毕!
2011-10-25 21:0:44  等待STB确认信息
2011-10-25 21:0:45  接收机顶盒信息：close
2011-10-25 21:0:45  机顶盒端接收完毕
2011-10-25 21:0:45  释放连接

2011-10-25 21:0:45  等待STB连接!waiting...
2011-10-25 21:5:50  收到STB连接请求！
2011-10-25 21:5:50  发送升级流版本号：V51051027 
2011-10-25 21:5:50  等待STB确认信息...
2011-10-25 21:5:50  接收机顶盒信息：close
2011-10-25 21:5:50  机顶盒程序版本已经最新
2011-10-25 21:5:50  释放连接

2011-10-25 21:5:50  等待STB连接!waiting...
2011-10-25 21:6:20  收到STB连接请求！
2011-10-25 21:6:20  发送升级流版本号：V51051027 
2011-10-25 21:6:20  等待STB确认信息...
2011-10-25 21:6:20  接收机顶盒信息：close
2011-10-25 21:6:20  机顶盒程序版本已经最新
2011-10-25 21:6:20  释放连接

2011-10-25 21:6:20  等待STB连接!waiting...
2011-10-25 21:6:50  收到STB连接请求！
2011-10-25 21:6:50  发送升级流版本号：V51051027 
2011-10-25 21:6:50  等待STB确认信息...
2011-10-25 21:6:50  接收机顶盒信息：close
2011-10-25 21:6:50  机顶盒程序版本已经最新
2011-10-25 21:6:50  释放连接

2011-10-25 21:6:50  等待STB连接!waiting...
2011-10-25 21:7:20  收到STB连接请求！
2011-10-25 21:7:20  发送升级流版本号：V51051027 
2011-10-25 21:7:20  等待STB确认信息...
2011-10-25 21:7:20  接收机顶盒信息：close
2011-10-25 21:7:20  机顶盒程序版本已经最新
2011-10-25 21:7:20  释放连接

2011-10-25 21:7:20  等待STB连接!waiting...
2011-10-25 21:7:50  收到STB连接请求！
2011-10-25 21:7:50  发送升级流版本号：V51051027 
2011-10-25 21:7:50  等待STB确认信息...
2011-10-25 21:7:51  接收机顶盒信息：close
2011-10-25 21:7:51  机顶盒程序版本已经最新
2011-10-25 21:7:51  释放连接

2011-10-25 21:7:51  等待STB连接!waiting...
2011-10-25 21:8:21  收到STB连接请求！
2011-10-25 21:8:21  发送升级流版本号：V51051027 
2011-10-25 21:8:21  等待STB确认信息...
2011-10-25 21:8:21  接收机顶盒信息：close
2011-10-25 21:8:21  机顶盒程序版本已经最新
2011-10-25 21:8:21  释放连接

2011-10-25 21:8:21  等待STB连接!waiting...
2011-10-25 21:8:51  收到STB连接请求！
2011-10-25 21:8:51  发送升级流版本号：V51051027 
2011-10-25 21:8:51  等待STB确认信息...
2011-10-25 21:8:51  接收机顶盒信息：close
2011-10-25 21:8:51  机顶盒程序版本已经最新
2011-10-25 21:8:51  释放连接

2011-10-25 21:8:51  等待STB连接!waiting...
2011-10-25 21:9:21  收到STB连接请求！
2011-10-25 21:9:21  发送升级流版本号：V51051027 
2011-10-25 21:9:21  等待STB确认信息...
2011-10-25 21:9:21  接收机顶盒信息：close
2011-10-25 21:9:21  机顶盒程序版本已经最新
2011-10-25 21:9:21  释放连接

2011-10-25 21:9:21  等待STB连接!waiting...
2011-10-25 21:9:51  收到STB连接请求！
2011-10-25 21:9:51  发送升级流版本号：V51051027 
2011-10-25 21:9:51  等待STB确认信息...
2011-10-25 21:9:51  接收机顶盒信息：close
2011-10-25 21:9:51  机顶盒程序版本已经最新
2011-10-25 21:9:51  释放连接

2011-10-25 21:9:51  等待STB连接!waiting...
2011-10-25 21:10:21  收到STB连接请求！
2011-10-25 21:10:21  发送升级流版本号：V51051027 
2011-10-25 21:10:21  等待STB确认信息...
2011-10-25 21:10:21  接收机顶盒信息：close
2011-10-25 21:10:21  机顶盒程序版本已经最新
2011-10-25 21:10:21  释放连接

2011-10-25 21:10:21  等待STB连接!waiting...
2011-10-25 21:11:12  网络线程已退出
2011-10-25 21:11:14  退出程序

2011-10-26 9:18:35  读入文件版本
2011-10-26 9:18:35  update version: V51051029 
2011-10-26 9:18:35  读入升级文件...
2011-10-26 9:18:35  File:	main.z Read In Buffer Finished!
2011-10-26 9:18:35  File Length is 2647566
2011-10-26 9:18:35  添加CRC校验
2011-10-26 9:18:35  创建服务器socket连接！
2011-10-26 9:18:35  服务器端口绑定失败!10048
2011-10-26 9:18:35  监听STB连接请求

2011-10-26 9:18:35  监听失败!10038
2011-10-26 9:18:35  网络线程已退出
2011-10-26 9:18:39  退出程序

2011-10-26 10:6:35  读入文件版本
2011-10-26 10:6:35  update version: V51051031 
2011-10-26 10:6:35  读入升级文件...
2011-10-26 10:6:35  File:	main.z Read In Buffer Finished!
2011-10-26 10:6:35  File Length is 2647564
2011-10-26 10:6:35  添加CRC校验
2011-10-26 10:6:35  创建服务器socket连接！
2011-10-26 10:6:35  服务器端口绑定失败!10048
2011-10-26 10:6:35  监听STB连接请求

2011-10-26 10:6:35  监听失败!10038
2011-10-26 10:6:35  网络线程已退出
2011-10-26 10:6:39  退出程序

2011-10-26 9:18:32  读入文件版本
2011-10-26 9:18:32  update version: V51051029 
2011-10-26 9:18:32  读入升级文件...
2011-10-26 9:18:32  File:	main.z Read In Buffer Finished!
2011-10-26 9:18:32  File Length is 2647566
2011-10-26 9:18:32  添加CRC校验
2011-10-26 9:18:32  创建服务器socket连接！
2011-10-26 9:18:32  监听STB连接请求

2011-10-26 9:18:32  等待STB连接!waiting...
2011-10-26 9:19:57  收到STB连接请求！
2011-10-26 9:19:57  发送升级流版本号：V51051029 
2011-10-26 9:19:57  等待STB确认信息...
2011-10-26 9:19:57  接收机顶盒信息：upid
2011-10-26 9:19:57  发送升级数据...
2011-10-26 9:20:18  send_num = 2647570
2011-10-26 9:20:18  升级文件: main.z 发送完毕!
2011-10-26 9:20:18  等待STB确认信息
2011-10-26 9:20:19  接收机顶盒信息：close
2011-10-26 9:20:19  机顶盒端接收完毕
2011-10-26 9:20:19  释放连接

2011-10-26 9:20:19  等待STB连接!waiting...
2011-10-26 9:45:23  更新升级文件...
2011-10-26 9:45:23  读入文件版本
2011-10-26 9:45:23  update version: V51051029 
2011-10-26 9:45:23  读入升级文件...
2011-10-26 9:45:23  File:	main.z Read In Buffer Finished!
2011-10-26 9:45:23  File Length is 2647596
2011-10-26 9:45:23  添加CRC校验
2011-10-26 9:45:23  等待STB连接!waiting...

2011-10-26 9:45:34  收到STB连接请求！
2011-10-26 9:45:35  发送升级流版本号：V51051029 
2011-10-26 9:45:35  等待STB确认信息...
2011-10-26 9:45:35  接收机顶盒信息：close
2011-10-26 9:45:35  机顶盒程序版本已经最新
2011-10-26 9:45:35  释放连接

2011-10-26 9:45:35  等待STB连接!waiting...
2011-10-26 9:46:00  更新升级文件...
2011-10-26 9:46:00  读入文件版本
2011-10-26 9:46:00  update version: V51051030 
2011-10-26 9:46:00  读入升级文件...
2011-10-26 9:46:00  File:	main.z Read In Buffer Finished!
2011-10-26 9:46:00  File Length is 2647596
2011-10-26 9:46:00  添加CRC校验
2011-10-26 9:46:00  等待STB连接!waiting...

2011-10-26 9:46:05  收到STB连接请求！
2011-10-26 9:46:05  发送升级流版本号：V51051030 
2011-10-26 9:46:05  等待STB确认信息...
2011-10-26 9:46:05  接收机顶盒信息：upid
2011-10-26 9:46:05  发送升级数据...
2011-10-26 9:46:25  send_num = 2647600
2011-10-26 9:46:25  升级文件: main.z 发送完毕!
2011-10-26 9:46:25  等待STB确认信息
2011-10-26 9:46:26  接收机顶盒信息：close
2011-10-26 9:46:26  机顶盒端接收完毕
2011-10-26 9:46:26  释放连接

2011-10-26 9:46:26  等待STB连接!waiting...
2011-10-26 9:50:41  收到STB连接请求！
2011-10-26 9:50:41  发送升级流版本号：V51051030 
2011-10-26 9:50:41  等待STB确认信息...
2011-10-26 9:50:41  接收机顶盒信息：close
2011-10-26 9:50:41  机顶盒程序版本已经最新
2011-10-26 9:50:41  释放连接

2011-10-26 9:50:41  等待STB连接!waiting...
2011-10-26 9:51:30  收到STB连接请求！
2011-10-26 9:51:30  发送升级流版本号：V51051030 
2011-10-26 9:51:30  等待STB确认信息...
2011-10-26 9:51:30  接收机顶盒信息：close
2011-10-26 9:51:30  机顶盒程序版本已经最新
2011-10-26 9:51:30  释放连接

2011-10-26 9:51:30  等待STB连接!waiting...
2011-10-26 9:52:00  收到STB连接请求！
2011-10-26 9:52:00  发送升级流版本号：V51051030 
2011-10-26 9:52:00  等待STB确认信息...
2011-10-26 9:52:00  接收机顶盒信息：close
2011-10-26 9:52:00  机顶盒程序版本已经最新
2011-10-26 9:52:00  释放连接

2011-10-26 9:52:00  等待STB连接!waiting...
2011-10-26 9:52:30  收到STB连接请求！
2011-10-26 9:52:30  发送升级流版本号：V51051030 
2011-10-26 9:52:30  等待STB确认信息...
2011-10-26 9:52:30  接收机顶盒信息：close
2011-10-26 9:52:30  机顶盒程序版本已经最新
2011-10-26 9:52:30  释放连接

2011-10-26 9:52:30  等待STB连接!waiting...
2011-10-26 9:53:00  收到STB连接请求！
2011-10-26 9:53:00  发送升级流版本号：V51051030 
2011-10-26 9:53:01  等待STB确认信息...
2011-10-26 9:53:01  接收机顶盒信息：close
2011-10-26 9:53:01  机顶盒程序版本已经最新
2011-10-26 9:53:01  释放连接

2011-10-26 9:53:01  等待STB连接!waiting...
2011-10-26 9:53:31  收到STB连接请求！
2011-10-26 9:53:31  发送升级流版本号：V51051030 
2011-10-26 9:53:31  等待STB确认信息...
2011-10-26 9:53:31  接收机顶盒信息：close
2011-10-26 9:53:31  机顶盒程序版本已经最新
2011-10-26 9:53:31  释放连接

2011-10-26 9:53:31  等待STB连接!waiting...
2011-10-26 9:54:01  收到STB连接请求！
2011-10-26 9:54:01  发送升级流版本号：V51051030 
2011-10-26 9:54:01  等待STB确认信息...
2011-10-26 9:54:01  接收机顶盒信息：close
2011-10-26 9:54:01  机顶盒程序版本已经最新
2011-10-26 9:54:01  释放连接

2011-10-26 9:54:01  等待STB连接!waiting...
2011-10-26 9:54:31  收到STB连接请求！
2011-10-26 9:54:31  发送升级流版本号：V51051030 
2011-10-26 9:54:31  等待STB确认信息...
2011-10-26 9:54:31  接收机顶盒信息：close
2011-10-26 9:54:31  机顶盒程序版本已经最新
2011-10-26 9:54:31  释放连接

2011-10-26 9:54:31  等待STB连接!waiting...
2011-10-26 9:55:01  收到STB连接请求！
2011-10-26 9:55:01  发送升级流版本号：V51051030 
2011-10-26 9:55:01  等待STB确认信息...
2011-10-26 9:55:01  接收机顶盒信息：close
2011-10-26 9:55:01  机顶盒程序版本已经最新
2011-10-26 9:55:01  释放连接

2011-10-26 9:55:01  等待STB连接!waiting...
2011-10-26 9:55:31  收到STB连接请求！
2011-10-26 9:55:31  发送升级流版本号：V51051030 
2011-10-26 9:55:31  等待STB确认信息...
2011-10-26 9:55:31  接收机顶盒信息：close
2011-10-26 9:55:31  机顶盒程序版本已经最新
2011-10-26 9:55:31  释放连接

2011-10-26 9:55:31  等待STB连接!waiting...
2011-10-26 9:56:01  收到STB连接请求！
2011-10-26 9:56:01  发送升级流版本号：V51051030 
2011-10-26 9:56:01  等待STB确认信息...
2011-10-26 9:56:01  接收机顶盒信息：close
2011-10-26 9:56:01  机顶盒程序版本已经最新
2011-10-26 9:56:01  释放连接

2011-10-26 9:56:01  等待STB连接!waiting...
2011-10-26 9:56:31  收到STB连接请求！
2011-10-26 9:56:31  发送升级流版本号：V51051030 
2011-10-26 9:56:31  等待STB确认信息...
2011-10-26 9:56:31  接收机顶盒信息：close
2011-10-26 9:56:31  机顶盒程序版本已经最新
2011-10-26 9:56:31  释放连接

2011-10-26 9:56:31  等待STB连接!waiting...
2011-10-26 9:57:02  收到STB连接请求！
2011-10-26 9:57:02  发送升级流版本号：V51051030 
2011-10-26 9:57:02  等待STB确认信息...
2011-10-26 9:57:02  接收机顶盒信息：close
2011-10-26 9:57:02  机顶盒程序版本已经最新
2011-10-26 9:57:02  释放连接

2011-10-26 9:57:02  等待STB连接!waiting...
2011-10-26 9:57:32  收到STB连接请求！
2011-10-26 9:57:32  发送升级流版本号：V51051030 
2011-10-26 9:57:32  等待STB确认信息...
2011-10-26 9:57:32  接收机顶盒信息：close
2011-10-26 9:57:32  机顶盒程序版本已经最新
2011-10-26 9:57:32  释放连接

2011-10-26 9:57:32  等待STB连接!waiting...
2011-10-26 9:58:02  收到STB连接请求！
2011-10-26 9:58:02  发送升级流版本号：V51051030 
2011-10-26 9:58:02  等待STB确认信息...
2011-10-26 9:58:02  接收机顶盒信息：close
2011-10-26 9:58:02  机顶盒程序版本已经最新
2011-10-26 9:58:02  释放连接

2011-10-26 9:58:02  等待STB连接!waiting...
2011-10-26 9:58:32  收到STB连接请求！
2011-10-26 9:58:32  发送升级流版本号：V51051030 
2011-10-26 9:58:32  等待STB确认信息...
2011-10-26 9:58:32  接收机顶盒信息：close
2011-10-26 9:58:32  机顶盒程序版本已经最新
2011-10-26 9:58:32  释放连接

2011-10-26 9:58:32  等待STB连接!waiting...
2011-10-26 9:59:02  收到STB连接请求！
2011-10-26 9:59:02  发送升级流版本号：V51051030 
2011-10-26 9:59:02  等待STB确认信息...
2011-10-26 9:59:02  接收机顶盒信息：close
2011-10-26 9:59:02  机顶盒程序版本已经最新
2011-10-26 9:59:02  释放连接

2011-10-26 9:59:02  等待STB连接!waiting...
2011-10-26 9:59:32  收到STB连接请求！
2011-10-26 9:59:32  发送升级流版本号：V51051030 
2011-10-26 9:59:32  等待STB确认信息...
2011-10-26 9:59:32  接收机顶盒信息：close
2011-10-26 9:59:32  机顶盒程序版本已经最新
2011-10-26 9:59:32  释放连接

2011-10-26 9:59:32  等待STB连接!waiting...
2011-10-26 10:0:02  收到STB连接请求！
2011-10-26 10:0:02  发送升级流版本号：V51051030 
2011-10-26 10:0:02  等待STB确认信息...
2011-10-26 10:0:02  接收机顶盒信息：close
2011-10-26 10:0:02  机顶盒程序版本已经最新
2011-10-26 10:0:02  释放连接

2011-10-26 10:0:02  等待STB连接!waiting...
2011-10-26 10:6:42  更新升级文件...
2011-10-26 10:6:42  读入文件版本
2011-10-26 10:6:42  update version: V51051031 
2011-10-26 10:6:42  读入升级文件...
2011-10-26 10:6:42  File:	main.z Read In Buffer Finished!
2011-10-26 10:6:42  File Length is 2647564
2011-10-26 10:6:42  添加CRC校验
2011-10-26 10:6:42  等待STB连接!waiting...

2011-10-26 10:7:17  收到STB连接请求！
2011-10-26 10:7:17  发送升级流版本号：V51051031 
2011-10-26 10:7:17  等待STB确认信息...
2011-10-26 10:7:17  接收机顶盒信息：upid
2011-10-26 10:7:17  发送升级数据...
2011-10-26 10:7:36  send_num = 2647568
2011-10-26 10:7:36  升级文件: main.z 发送完毕!
2011-10-26 10:7:36  等待STB确认信息
2011-10-26 10:7:37  接收机顶盒信息：close
2011-10-26 10:7:37  机顶盒端接收完毕
2011-10-26 10:7:37  释放连接

2011-10-26 10:7:37  等待STB连接!waiting...
2011-10-26 10:9:11  收到STB连接请求！
2011-10-26 10:9:11  发送升级流版本号：V51051031 
2011-10-26 10:9:11  等待STB确认信息...
2011-10-26 10:9:11  接收机顶盒信息：close
2011-10-26 10:9:11  机顶盒程序版本已经最新
2011-10-26 10:9:11  释放连接

2011-10-26 10:9:11  等待STB连接!waiting...
2011-10-26 10:9:41  收到STB连接请求！
2011-10-26 10:9:41  发送升级流版本号：V51051031 
2011-10-26 10:9:41  等待STB确认信息...
2011-10-26 10:9:41  接收机顶盒信息：close
2011-10-26 10:9:41  机顶盒程序版本已经最新
2011-10-26 10:9:41  释放连接

2011-10-26 10:9:41  等待STB连接!waiting...
2011-10-26 10:10:24  收到STB连接请求！
2011-10-26 10:10:24  发送升级流版本号：V51051031 
2011-10-26 10:10:24  等待STB确认信息...
2011-10-26 10:10:24  接收机顶盒信息：close
2011-10-26 10:10:24  机顶盒程序版本已经最新
2011-10-26 10:10:24  释放连接

2011-10-26 10:10:24  等待STB连接!waiting...
2011-10-26 10:10:54  收到STB连接请求！
2011-10-26 10:10:54  发送升级流版本号：V51051031 
2011-10-26 10:10:54  等待STB确认信息...
2011-10-26 10:10:54  接收机顶盒信息：close
2011-10-26 10:10:54  机顶盒程序版本已经最新
2011-10-26 10:10:54  释放连接

2011-10-26 10:10:54  等待STB连接!waiting...
2011-10-26 10:11:24  收到STB连接请求！
2011-10-26 10:11:24  发送升级流版本号：V51051031 
2011-10-26 10:11:24  等待STB确认信息...
2011-10-26 10:11:24  接收机顶盒信息：close
2011-10-26 10:11:24  机顶盒程序版本已经最新
2011-10-26 10:11:24  释放连接

2011-10-26 10:11:24  等待STB连接!waiting...
2011-10-26 10:11:54  收到STB连接请求！
2011-10-26 10:11:54  发送升级流版本号：V51051031 
2011-10-26 10:11:54  等待STB确认信息...
2011-10-26 10:11:54  接收机顶盒信息：close
2011-10-26 10:11:54  机顶盒程序版本已经最新
2011-10-26 10:11:55  释放连接

2011-10-26 10:11:55  等待STB连接!waiting...
2011-10-26 10:12:25  收到STB连接请求！
2011-10-26 10:12:25  发送升级流版本号：V51051031 
2011-10-26 10:12:25  等待STB确认信息...
2011-10-26 10:12:25  接收机顶盒信息：close
2011-10-26 10:12:25  机顶盒程序版本已经最新
2011-10-26 10:12:25  释放连接

2011-10-26 10:12:25  等待STB连接!waiting...
2011-10-26 10:12:55  收到STB连接请求！
2011-10-26 10:12:55  发送升级流版本号：V51051031 
2011-10-26 10:12:55  等待STB确认信息...
2011-10-26 10:12:55  接收机顶盒信息：close
2011-10-26 10:12:55  机顶盒程序版本已经最新
2011-10-26 10:12:55  释放连接

2011-10-26 10:12:55  等待STB连接!waiting...
2011-10-26 10:13:25  收到STB连接请求！
2011-10-26 10:13:25  发送升级流版本号：V51051031 
2011-10-26 10:13:25  等待STB确认信息...
2011-10-26 10:13:25  接收机顶盒信息：close
2011-10-26 10:13:25  机顶盒程序版本已经最新
2011-10-26 10:13:25  释放连接

2011-10-26 10:13:25  等待STB连接!waiting...
2011-10-26 10:13:55  收到STB连接请求！
2011-10-26 10:13:55  发送升级流版本号：V51051031 
2011-10-26 10:13:55  等待STB确认信息...
2011-10-26 10:13:55  接收机顶盒信息：close
2011-10-26 10:13:55  机顶盒程序版本已经最新
2011-10-26 10:13:55  释放连接

2011-10-26 10:13:55  等待STB连接!waiting...
2011-10-26 10:14:25  收到STB连接请求！
2011-10-26 10:14:25  发送升级流版本号：V51051031 
2011-10-26 10:14:25  等待STB确认信息...
2011-10-26 10:14:25  接收机顶盒信息：close
2011-10-26 10:14:25  机顶盒程序版本已经最新
2011-10-26 10:14:25  释放连接

2011-10-26 10:14:25  等待STB连接!waiting...
2011-10-26 10:14:55  收到STB连接请求！
2011-10-26 10:14:55  发送升级流版本号：V51051031 
2011-10-26 10:14:55  等待STB确认信息...
2011-10-26 10:14:55  接收机顶盒信息：close
2011-10-26 10:14:55  机顶盒程序版本已经最新
2011-10-26 10:14:55  释放连接

2011-10-26 10:14:55  等待STB连接!waiting...
2011-10-26 10:15:25  收到STB连接请求！
2011-10-26 10:15:25  发送升级流版本号：V51051031 
2011-10-26 10:15:25  等待STB确认信息...
2011-10-26 10:15:25  接收机顶盒信息：close
2011-10-26 10:15:25  机顶盒程序版本已经最新
2011-10-26 10:15:26  释放连接

2011-10-26 10:15:26  等待STB连接!waiting...
2011-10-26 10:15:56  收到STB连接请求！
2011-10-26 10:15:56  发送升级流版本号：V51051031 
2011-10-26 10:15:56  等待STB确认信息...
2011-10-26 10:15:56  接收机顶盒信息：close
2011-10-26 10:15:56  机顶盒程序版本已经最新
2011-10-26 10:15:56  释放连接

2011-10-26 10:15:56  等待STB连接!waiting...
2011-10-26 10:16:26  收到STB连接请求！
2011-10-26 10:16:26  发送升级流版本号：V51051031 
2011-10-26 10:16:26  等待STB确认信息...
2011-10-26 10:16:26  接收机顶盒信息：close
2011-10-26 10:16:26  机顶盒程序版本已经最新
2011-10-26 10:16:26  释放连接

2011-10-26 10:16:26  等待STB连接!waiting...
2011-10-26 10:16:56  收到STB连接请求！
2011-10-26 10:16:56  发送升级流版本号：V51051031 
2011-10-26 10:16:56  等待STB确认信息...
2011-10-26 10:16:56  接收机顶盒信息：close
2011-10-26 10:16:56  机顶盒程序版本已经最新
2011-10-26 10:16:56  释放连接

2011-10-26 10:16:56  等待STB连接!waiting...
2011-10-26 10:17:26  收到STB连接请求！
2011-10-26 10:17:26  发送升级流版本号：V51051031 
2011-10-26 10:17:26  等待STB确认信息...
2011-10-26 10:17:26  接收机顶盒信息：close
2011-10-26 10:17:26  机顶盒程序版本已经最新
2011-10-26 10:17:26  释放连接

2011-10-26 10:17:26  等待STB连接!waiting...
2011-10-26 10:17:56  收到STB连接请求！
2011-10-26 10:17:56  发送升级流版本号：V51051031 
2011-10-26 10:17:56  等待STB确认信息...
2011-10-26 10:17:56  接收机顶盒信息：close
2011-10-26 10:17:56  机顶盒程序版本已经最新
2011-10-26 10:17:56  释放连接

2011-10-26 10:17:56  等待STB连接!waiting...
2011-10-26 10:18:26  收到STB连接请求！
2011-10-26 10:18:26  发送升级流版本号：V51051031 
2011-10-26 10:18:26  等待STB确认信息...
2011-10-26 10:18:26  接收机顶盒信息：close
2011-10-26 10:18:26  机顶盒程序版本已经最新
2011-10-26 10:18:26  释放连接

2011-10-26 10:18:26  等待STB连接!waiting...
2011-10-26 10:18:56  收到STB连接请求！
2011-10-26 10:18:56  发送升级流版本号：V51051031 
2011-10-26 10:18:56  等待STB确认信息...
2011-10-26 10:18:56  接收机顶盒信息：close
2011-10-26 10:18:57  机顶盒程序版本已经最新
2011-10-26 10:18:57  释放连接

2011-10-26 10:18:57  等待STB连接!waiting...
2011-10-26 10:19:27  收到STB连接请求！
2011-10-26 10:19:27  发送升级流版本号：V51051031 
2011-10-26 10:19:27  等待STB确认信息...
2011-10-26 10:19:27  接收机顶盒信息：close
2011-10-26 10:19:27  机顶盒程序版本已经最新
2011-10-26 10:19:27  释放连接

2011-10-26 10:19:27  等待STB连接!waiting...
2011-10-26 10:19:57  收到STB连接请求！
2011-10-26 10:19:57  发送升级流版本号：V51051031 
2011-10-26 10:19:57  等待STB确认信息...
2011-10-26 10:19:57  接收机顶盒信息：close
2011-10-26 10:19:57  机顶盒程序版本已经最新
2011-10-26 10:19:57  释放连接

2011-10-26 10:19:57  等待STB连接!waiting...
2011-10-26 10:20:27  收到STB连接请求！
2011-10-26 10:20:27  发送升级流版本号：V51051031 
2011-10-26 10:20:27  等待STB确认信息...
2011-10-26 10:20:27  接收机顶盒信息：close
2011-10-26 10:20:27  机顶盒程序版本已经最新
2011-10-26 10:20:27  释放连接

2011-10-26 10:20:27  等待STB连接!waiting...
2011-10-26 10:20:57  收到STB连接请求！
2011-10-26 10:20:57  发送升级流版本号：V51051031 
2011-10-26 10:20:57  等待STB确认信息...
2011-10-26 10:20:57  接收机顶盒信息：close
2011-10-26 10:20:57  机顶盒程序版本已经最新
2011-10-26 10:20:57  释放连接

2011-10-26 10:20:57  等待STB连接!waiting...
2011-10-26 10:21:27  收到STB连接请求！
2011-10-26 10:21:27  发送升级流版本号：V51051031 
2011-10-26 10:21:27  等待STB确认信息...
2011-10-26 10:21:27  接收机顶盒信息：close
2011-10-26 10:21:27  机顶盒程序版本已经最新
2011-10-26 10:21:27  释放连接

2011-10-26 10:21:27  等待STB连接!waiting...
2011-10-26 10:21:57  收到STB连接请求！
2011-10-26 10:21:57  发送升级流版本号：V51051031 
2011-10-26 10:21:57  等待STB确认信息...
2011-10-26 10:21:57  接收机顶盒信息：close
2011-10-26 10:21:57  机顶盒程序版本已经最新
2011-10-26 10:21:57  释放连接

2011-10-26 10:21:57  等待STB连接!waiting...
2011-10-26 10:22:27  收到STB连接请求！
2011-10-26 10:22:27  发送升级流版本号：V51051031 
2011-10-26 10:22:27  等待STB确认信息...
2011-10-26 10:22:28  接收机顶盒信息：close
2011-10-26 10:22:28  机顶盒程序版本已经最新
2011-10-26 10:22:28  释放连接

2011-10-26 10:22:28  等待STB连接!waiting...
2011-10-26 10:22:58  收到STB连接请求！
2011-10-26 10:22:58  发送升级流版本号：V51051031 
2011-10-26 10:22:58  等待STB确认信息...
2011-10-26 10:22:58  接收机顶盒信息：close
2011-10-26 10:22:58  机顶盒程序版本已经最新
2011-10-26 10:22:58  释放连接

2011-10-26 10:22:58  等待STB连接!waiting...
2011-10-26 10:23:28  收到STB连接请求！
2011-10-26 10:23:28  发送升级流版本号：V51051031 
2011-10-26 10:23:28  等待STB确认信息...
2011-10-26 10:23:28  接收机顶盒信息：close
2011-10-26 10:23:28  机顶盒程序版本已经最新
2011-10-26 10:23:28  释放连接

2011-10-26 10:23:28  等待STB连接!waiting...
2011-10-26 10:23:58  收到STB连接请求！
2011-10-26 10:23:58  发送升级流版本号：V51051031 
2011-10-26 10:23:58  等待STB确认信息...
2011-10-26 10:23:58  接收机顶盒信息：close
2011-10-26 10:23:58  机顶盒程序版本已经最新
2011-10-26 10:23:58  释放连接

2011-10-26 10:23:58  等待STB连接!waiting...
2011-10-26 10:24:28  收到STB连接请求！
2011-10-26 10:24:28  发送升级流版本号：V51051031 
2011-10-26 10:24:28  等待STB确认信息...
2011-10-26 10:24:28  接收机顶盒信息：close
2011-10-26 10:24:28  机顶盒程序版本已经最新
2011-10-26 10:24:28  释放连接

2011-10-26 10:24:28  等待STB连接!waiting...
2011-10-26 10:24:58  收到STB连接请求！
2011-10-26 10:24:58  发送升级流版本号：V51051031 
2011-10-26 10:24:58  等待STB确认信息...
2011-10-26 10:24:58  接收机顶盒信息：close
2011-10-26 10:24:58  机顶盒程序版本已经最新
2011-10-26 10:24:58  释放连接

2011-10-26 10:24:58  等待STB连接!waiting...
2011-10-26 10:25:28  收到STB连接请求！
2011-10-26 10:25:28  发送升级流版本号：V51051031 
2011-10-26 10:25:28  等待STB确认信息...
2011-10-26 10:25:28  接收机顶盒信息：close
2011-10-26 10:25:28  机顶盒程序版本已经最新
2011-10-26 10:25:28  释放连接

2011-10-26 10:25:28  等待STB连接!waiting...
2011-10-26 10:25:59  收到STB连接请求！
2011-10-26 10:25:59  发送升级流版本号：V51051031 
2011-10-26 10:25:59  等待STB确认信息...
2011-10-26 10:25:59  接收机顶盒信息：close
2011-10-26 10:25:59  机顶盒程序版本已经最新
2011-10-26 10:25:59  释放连接

2011-10-26 10:25:59  等待STB连接!waiting...
2011-10-26 10:26:29  收到STB连接请求！
2011-10-26 10:26:29  发送升级流版本号：V51051031 
2011-10-26 10:26:29  等待STB确认信息...
2011-10-26 10:26:29  接收机顶盒信息：close
2011-10-26 10:26:29  机顶盒程序版本已经最新
2011-10-26 10:26:29  释放连接

2011-10-26 10:26:29  等待STB连接!waiting...
2011-10-26 10:26:59  收到STB连接请求！
2011-10-26 10:26:59  发送升级流版本号：V51051031 
2011-10-26 10:26:59  等待STB确认信息...
2011-10-26 10:26:59  接收机顶盒信息：close
2011-10-26 10:26:59  机顶盒程序版本已经最新
2011-10-26 10:26:59  释放连接

2011-10-26 10:26:59  等待STB连接!waiting...
2011-10-26 10:27:29  收到STB连接请求！
2011-10-26 10:27:29  发送升级流版本号：V51051031 
2011-10-26 10:27:29  等待STB确认信息...
2011-10-26 10:27:29  接收机顶盒信息：close
2011-10-26 10:27:29  机顶盒程序版本已经最新
2011-10-26 10:27:29  释放连接

2011-10-26 10:27:29  等待STB连接!waiting...
2011-10-26 10:27:59  收到STB连接请求！
2011-10-26 10:27:59  发送升级流版本号：V51051031 
2011-10-26 10:27:59  等待STB确认信息...
2011-10-26 10:27:59  接收机顶盒信息：close
2011-10-26 10:27:59  机顶盒程序版本已经最新
2011-10-26 10:27:59  释放连接

2011-10-26 10:27:59  等待STB连接!waiting...
2011-10-26 10:28:29  收到STB连接请求！
2011-10-26 10:28:29  发送升级流版本号：V51051031 
2011-10-26 10:28:29  等待STB确认信息...
2011-10-26 10:28:29  接收机顶盒信息：close
2011-10-26 10:28:29  机顶盒程序版本已经最新
2011-10-26 10:28:29  释放连接

2011-10-26 10:28:29  等待STB连接!waiting...
2011-10-26 10:28:59  收到STB连接请求！
2011-10-26 10:28:59  发送升级流版本号：V51051031 
2011-10-26 10:28:59  等待STB确认信息...
2011-10-26 10:29:00  接收机顶盒信息：close
2011-10-26 10:29:00  机顶盒程序版本已经最新
2011-10-26 10:29:00  释放连接

2011-10-26 10:29:00  等待STB连接!waiting...
2011-10-26 10:29:30  收到STB连接请求！
2011-10-26 10:29:30  发送升级流版本号：V51051031 
2011-10-26 10:29:30  等待STB确认信息...
2011-10-26 10:29:30  接收机顶盒信息：close
2011-10-26 10:29:30  机顶盒程序版本已经最新
2011-10-26 10:29:30  释放连接

2011-10-26 10:29:30  等待STB连接!waiting...
2011-10-26 10:30:00  收到STB连接请求！
2011-10-26 10:30:00  发送升级流版本号：V51051031 
2011-10-26 10:30:00  等待STB确认信息...
2011-10-26 10:30:00  接收机顶盒信息：close
2011-10-26 10:30:00  机顶盒程序版本已经最新
2011-10-26 10:30:00  释放连接

2011-10-26 10:30:00  等待STB连接!waiting...
2011-10-26 10:30:30  收到STB连接请求！
2011-10-26 10:30:30  发送升级流版本号：V51051031 
2011-10-26 10:30:30  等待STB确认信息...
2011-10-26 10:30:30  接收机顶盒信息：close
2011-10-26 10:30:30  机顶盒程序版本已经最新
2011-10-26 10:30:30  释放连接

2011-10-26 10:30:30  等待STB连接!waiting...
2011-10-26 10:31:00  收到STB连接请求！
2011-10-26 10:31:00  发送升级流版本号：V51051031 
2011-10-26 10:31:00  等待STB确认信息...
2011-10-26 10:31:00  接收机顶盒信息：close
2011-10-26 10:31:00  机顶盒程序版本已经最新
2011-10-26 10:31:00  释放连接

2011-10-26 10:31:00  等待STB连接!waiting...
2011-10-26 10:31:30  收到STB连接请求！
2011-10-26 10:31:30  发送升级流版本号：V51051031 
2011-10-26 10:31:30  等待STB确认信息...
2011-10-26 10:31:30  接收机顶盒信息：close
2011-10-26 10:31:30  机顶盒程序版本已经最新
2011-10-26 10:31:30  释放连接

2011-10-26 10:31:30  等待STB连接!waiting...
2011-10-26 10:32:00  收到STB连接请求！
2011-10-26 10:32:00  发送升级流版本号：V51051031 
2011-10-26 10:32:00  等待STB确认信息...
2011-10-26 10:32:00  接收机顶盒信息：close
2011-10-26 10:32:00  机顶盒程序版本已经最新
2011-10-26 10:32:00  释放连接

2011-10-26 10:32:01  等待STB连接!waiting...
2011-10-26 10:32:31  收到STB连接请求！
2011-10-26 10:32:31  发送升级流版本号：V51051031 
2011-10-26 10:32:31  等待STB确认信息...
2011-10-26 10:32:31  接收机顶盒信息：close
2011-10-26 10:32:31  机顶盒程序版本已经最新
2011-10-26 10:32:31  释放连接

2011-10-26 10:32:31  等待STB连接!waiting...
2011-10-26 10:33:01  收到STB连接请求！
2011-10-26 10:33:01  发送升级流版本号：V51051031 
2011-10-26 10:33:01  等待STB确认信息...
2011-10-26 10:33:01  接收机顶盒信息：close
2011-10-26 10:33:01  机顶盒程序版本已经最新
2011-10-26 10:33:01  释放连接

2011-10-26 10:33:01  等待STB连接!waiting...
2011-10-26 10:33:31  收到STB连接请求！
2011-10-26 10:33:31  发送升级流版本号：V51051031 
2011-10-26 10:33:31  等待STB确认信息...
2011-10-26 10:33:31  接收机顶盒信息：close
2011-10-26 10:33:31  机顶盒程序版本已经最新
2011-10-26 10:33:31  释放连接

2011-10-26 10:33:31  等待STB连接!waiting...
2011-10-26 10:34:01  收到STB连接请求！
2011-10-26 10:34:01  发送升级流版本号：V51051031 
2011-10-26 10:34:01  等待STB确认信息...
2011-10-26 10:34:01  接收机顶盒信息：close
2011-10-26 10:34:01  机顶盒程序版本已经最新
2011-10-26 10:34:01  释放连接

2011-10-26 10:34:01  等待STB连接!waiting...
2011-10-26 10:34:31  收到STB连接请求！
2011-10-26 10:34:31  发送升级流版本号：V51051031 
2011-10-26 10:34:31  等待STB确认信息...
2011-10-26 10:34:31  接收机顶盒信息：close
2011-10-26 10:34:31  机顶盒程序版本已经最新
2011-10-26 10:34:31  释放连接

2011-10-26 10:34:31  等待STB连接!waiting...
2011-10-26 10:35:01  收到STB连接请求！
2011-10-26 10:35:01  发送升级流版本号：V51051031 
2011-10-26 10:35:01  等待STB确认信息...
2011-10-26 10:35:01  接收机顶盒信息：close
2011-10-26 10:35:01  机顶盒程序版本已经最新
2011-10-26 10:35:01  释放连接

2011-10-26 10:35:01  等待STB连接!waiting...
2011-10-26 10:35:32  收到STB连接请求！
2011-10-26 10:35:32  发送升级流版本号：V51051031 
2011-10-26 10:35:32  等待STB确认信息...
2011-10-26 10:35:32  接收机顶盒信息：close
2011-10-26 10:35:32  机顶盒程序版本已经最新
2011-10-26 10:35:32  释放连接

2011-10-26 10:35:32  等待STB连接!waiting...
2011-10-26 10:36:02  收到STB连接请求！
2011-10-26 10:36:02  发送升级流版本号：V51051031 
2011-10-26 10:36:02  等待STB确认信息...
2011-10-26 10:36:02  接收机顶盒信息：close
2011-10-26 10:36:02  机顶盒程序版本已经最新
2011-10-26 10:36:02  释放连接

2011-10-26 10:36:02  等待STB连接!waiting...
2011-10-26 10:36:18  更新升级文件...
2011-10-26 10:36:18  读入文件版本
2011-10-26 10:36:18  update version: V51051032 
2011-10-26 10:36:18  读入升级文件...
2011-10-26 10:36:18  File:	main.z Read In Buffer Finished!
2011-10-26 10:36:18  File Length is 2647564
2011-10-26 10:36:18  添加CRC校验
2011-10-26 10:36:18  等待STB连接!waiting...

2011-10-26 10:36:32  收到STB连接请求！
2011-10-26 10:36:32  发送升级流版本号：V51051032 
2011-10-26 10:36:32  等待STB确认信息...
2011-10-26 10:36:32  接收机顶盒信息：upid
2011-10-26 10:36:32  发送升级数据...
2011-10-26 10:36:53  send_num = 2647568
2011-10-26 10:36:53  升级文件: main.z 发送完毕!
2011-10-26 10:36:53  等待STB确认信息
2011-10-26 10:36:53  接收机顶盒信息：close
2011-10-26 10:36:53  机顶盒端接收完毕
2011-10-26 10:36:54  释放连接

2011-10-26 10:36:54  等待STB连接!waiting...
2011-10-26 10:38:30  收到STB连接请求！
2011-10-26 10:38:30  发送升级流版本号：V51051032 
2011-10-26 10:38:30  等待STB确认信息...
2011-10-26 10:38:30  接收机顶盒信息：close
2011-10-26 10:38:30  机顶盒程序版本已经最新
2011-10-26 10:38:30  释放连接

2011-10-26 10:38:30  等待STB连接!waiting...
2011-10-26 10:39:01  收到STB连接请求！
2011-10-26 10:39:01  发送升级流版本号：V51051032 
2011-10-26 10:39:01  等待STB确认信息...
2011-10-26 10:39:01  接收机顶盒信息：close
2011-10-26 10:39:01  机顶盒程序版本已经最新
2011-10-26 10:39:01  释放连接

2011-10-26 10:39:01  等待STB连接!waiting...
2011-10-26 10:39:31  收到STB连接请求！
2011-10-26 10:39:31  发送升级流版本号：V51051032 
2011-10-26 10:39:31  等待STB确认信息...
2011-10-26 10:39:31  接收机顶盒信息：close
2011-10-26 10:39:31  机顶盒程序版本已经最新
2011-10-26 10:39:31  释放连接

2011-10-26 10:39:31  等待STB连接!waiting...
2011-10-26 10:40:01  收到STB连接请求！
2011-10-26 10:40:01  发送升级流版本号：V51051032 
2011-10-26 10:40:01  等待STB确认信息...
2011-10-26 10:40:01  接收机顶盒信息：close
2011-10-26 10:40:01  机顶盒程序版本已经最新
2011-10-26 10:40:01  释放连接

2011-10-26 10:40:01  等待STB连接!waiting...
2011-10-26 10:40:31  收到STB连接请求！
2011-10-26 10:40:31  发送升级流版本号：V51051032 
2011-10-26 10:40:31  等待STB确认信息...
2011-10-26 10:40:31  接收机顶盒信息：close
2011-10-26 10:40:31  机顶盒程序版本已经最新
2011-10-26 10:40:31  释放连接

2011-10-26 10:40:31  等待STB连接!waiting...
2011-10-26 10:41:01  收到STB连接请求！
2011-10-26 10:41:01  发送升级流版本号：V51051032 
2011-10-26 10:41:01  等待STB确认信息...
2011-10-26 10:41:01  接收机顶盒信息：close
2011-10-26 10:41:01  机顶盒程序版本已经最新
2011-10-26 10:41:01  释放连接

2011-10-26 10:41:01  等待STB连接!waiting...
2011-10-26 10:41:32  收到STB连接请求！
2011-10-26 10:41:32  发送升级流版本号：V51051032 
2011-10-26 10:41:32  等待STB确认信息...
2011-10-26 10:41:32  接收机顶盒信息：close
2011-10-26 10:41:32  机顶盒程序版本已经最新
2011-10-26 10:41:32  释放连接

2011-10-26 10:41:32  等待STB连接!waiting...
2011-10-26 10:42:02  收到STB连接请求！
2011-10-26 10:42:02  发送升级流版本号：V51051032 
2011-10-26 10:42:02  等待STB确认信息...
2011-10-26 10:42:02  接收机顶盒信息：close
2011-10-26 10:42:02  机顶盒程序版本已经最新
2011-10-26 10:42:02  释放连接

2011-10-26 10:42:02  等待STB连接!waiting...
2011-10-26 10:42:32  收到STB连接请求！
2011-10-26 10:42:32  发送升级流版本号：V51051032 
2011-10-26 10:42:32  等待STB确认信息...
2011-10-26 10:42:32  接收机顶盒信息：close
2011-10-26 10:42:32  机顶盒程序版本已经最新
2011-10-26 10:42:32  释放连接

2011-10-26 10:42:32  等待STB连接!waiting...
2011-10-26 10:43:02  收到STB连接请求！
2011-10-26 10:43:02  发送升级流版本号：V51051032 
2011-10-26 10:43:02  等待STB确认信息...
2011-10-26 10:43:02  接收机顶盒信息：close
2011-10-26 10:43:02  机顶盒程序版本已经最新
2011-10-26 10:43:02  释放连接

2011-10-26 10:43:02  等待STB连接!waiting...
2011-10-26 10:43:32  收到STB连接请求！
2011-10-26 10:43:32  发送升级流版本号：V51051032 
2011-10-26 10:43:32  等待STB确认信息...
2011-10-26 10:43:32  接收机顶盒信息：close
2011-10-26 10:43:32  机顶盒程序版本已经最新
2011-10-26 10:43:32  释放连接

2011-10-26 10:43:32  等待STB连接!waiting...
2011-10-26 10:44:02  收到STB连接请求！
2011-10-26 10:44:02  发送升级流版本号：V51051032 
2011-10-26 10:44:02  等待STB确认信息...
2011-10-26 10:44:03  接收机顶盒信息：close
2011-10-26 10:44:03  机顶盒程序版本已经最新
2011-10-26 10:44:03  释放连接

2011-10-26 10:44:03  等待STB连接!waiting...
2011-10-26 10:44:33  收到STB连接请求！
2011-10-26 10:44:33  发送升级流版本号：V51051032 
2011-10-26 10:44:33  等待STB确认信息...
2011-10-26 10:44:33  接收机顶盒信息：close
2011-10-26 10:44:33  机顶盒程序版本已经最新
2011-10-26 10:44:33  释放连接

2011-10-26 10:44:33  等待STB连接!waiting...
2011-10-26 10:45:03  收到STB连接请求！
2011-10-26 10:45:03  发送升级流版本号：V51051032 
2011-10-26 10:45:03  等待STB确认信息...
2011-10-26 10:45:03  接收机顶盒信息：close
2011-10-26 10:45:03  机顶盒程序版本已经最新
2011-10-26 10:45:03  释放连接

2011-10-26 10:45:03  等待STB连接!waiting...
2011-10-26 10:45:33  收到STB连接请求！
2011-10-26 10:45:33  发送升级流版本号：V51051032 
2011-10-26 10:45:33  等待STB确认信息...
2011-10-26 10:45:33  接收机顶盒信息：close
2011-10-26 10:45:33  机顶盒程序版本已经最新
2011-10-26 10:45:33  释放连接

2011-10-26 10:45:33  等待STB连接!waiting...
2011-10-26 10:46:03  收到STB连接请求！
2011-10-26 10:46:03  发送升级流版本号：V51051032 
2011-10-26 10:46:03  等待STB确认信息...
2011-10-26 10:46:03  接收机顶盒信息：close
2011-10-26 10:46:03  机顶盒程序版本已经最新
2011-10-26 10:46:03  释放连接

2011-10-26 10:46:03  等待STB连接!waiting...
2011-10-26 10:46:33  收到STB连接请求！
2011-10-26 10:46:33  发送升级流版本号：V51051032 
2011-10-26 10:46:33  等待STB确认信息...
2011-10-26 10:46:33  接收机顶盒信息：close
2011-10-26 10:46:33  机顶盒程序版本已经最新
2011-10-26 10:46:34  释放连接

2011-10-26 10:46:34  等待STB连接!waiting...
2011-10-26 10:47:04  收到STB连接请求！
2011-10-26 10:47:04  发送升级流版本号：V51051032 
2011-10-26 10:47:04  等待STB确认信息...
2011-10-26 10:47:04  接收机顶盒信息：close
2011-10-26 10:47:04  机顶盒程序版本已经最新
2011-10-26 10:47:04  释放连接

2011-10-26 10:47:04  等待STB连接!waiting...
2011-10-26 10:47:34  收到STB连接请求！
2011-10-26 10:47:34  发送升级流版本号：V51051032 
2011-10-26 10:47:34  等待STB确认信息...
2011-10-26 10:47:34  接收机顶盒信息：close
2011-10-26 10:47:34  机顶盒程序版本已经最新
2011-10-26 10:47:34  释放连接

2011-10-26 10:47:34  等待STB连接!waiting...
2011-10-26 10:48:04  收到STB连接请求！
2011-10-26 10:48:04  发送升级流版本号：V51051032 
2011-10-26 10:48:04  等待STB确认信息...
2011-10-26 10:48:04  接收机顶盒信息：close
2011-10-26 10:48:04  机顶盒程序版本已经最新
2011-10-26 10:48:04  释放连接

2011-10-26 10:48:04  等待STB连接!waiting...
2011-10-26 10:48:34  收到STB连接请求！
2011-10-26 10:48:34  发送升级流版本号：V51051032 
2011-10-26 10:48:34  等待STB确认信息...
2011-10-26 10:48:34  接收机顶盒信息：close
2011-10-26 10:48:34  机顶盒程序版本已经最新
2011-10-26 10:48:34  释放连接

2011-10-26 10:48:34  等待STB连接!waiting...
2011-10-26 10:49:04  收到STB连接请求！
2011-10-26 10:49:04  发送升级流版本号：V51051032 
2011-10-26 10:49:04  等待STB确认信息...
2011-10-26 10:49:04  接收机顶盒信息：close
2011-10-26 10:49:04  机顶盒程序版本已经最新
2011-10-26 10:49:04  释放连接

2011-10-26 10:49:04  等待STB连接!waiting...
2011-10-26 10:49:35  收到STB连接请求！
2011-10-26 10:49:35  发送升级流版本号：V51051032 
2011-10-26 10:49:35  等待STB确认信息...
2011-10-26 10:49:35  接收机顶盒信息：close
2011-10-26 10:49:35  机顶盒程序版本已经最新
2011-10-26 10:49:35  释放连接

2011-10-26 10:49:35  等待STB连接!waiting...
2011-10-26 10:50:05  收到STB连接请求！
2011-10-26 10:50:05  发送升级流版本号：V51051032 
2011-10-26 10:50:05  等待STB确认信息...
2011-10-26 10:50:05  接收机顶盒信息：close
2011-10-26 10:50:05  机顶盒程序版本已经最新
2011-10-26 10:50:05  释放连接

2011-10-26 10:50:05  等待STB连接!waiting...
2011-10-26 10:50:35  收到STB连接请求！
2011-10-26 10:50:35  发送升级流版本号：V51051032 
2011-10-26 10:50:35  等待STB确认信息...
2011-10-26 10:50:35  接收机顶盒信息：close
2011-10-26 10:50:35  机顶盒程序版本已经最新
2011-10-26 10:50:35  释放连接

2011-10-26 10:50:35  等待STB连接!waiting...
2011-10-26 10:51:05  收到STB连接请求！
2011-10-26 10:51:05  发送升级流版本号：V51051032 
2011-10-26 10:51:05  等待STB确认信息...
2011-10-26 10:51:05  接收机顶盒信息：close
2011-10-26 10:51:05  机顶盒程序版本已经最新
2011-10-26 10:51:05  释放连接

2011-10-26 10:51:05  等待STB连接!waiting...
2011-10-26 10:51:35  收到STB连接请求！
2011-10-26 10:51:35  发送升级流版本号：V51051032 
2011-10-26 10:51:35  等待STB确认信息...
2011-10-26 10:51:35  接收机顶盒信息：close
2011-10-26 10:51:35  机顶盒程序版本已经最新
2011-10-26 10:51:35  释放连接

2011-10-26 10:51:35  等待STB连接!waiting...
2011-10-26 10:52:06  收到STB连接请求！
2011-10-26 10:52:06  发送升级流版本号：V51051032 
2011-10-26 10:52:06  等待STB确认信息...
2011-10-26 10:52:06  接收机顶盒信息：close
2011-10-26 10:52:06  机顶盒程序版本已经最新
2011-10-26 10:52:06  释放连接

2011-10-26 10:52:06  等待STB连接!waiting...
2011-10-26 10:52:36  收到STB连接请求！
2011-10-26 10:52:36  发送升级流版本号：V51051032 
2011-10-26 10:52:36  等待STB确认信息...
2011-10-26 10:52:36  接收机顶盒信息：close
2011-10-26 10:52:36  机顶盒程序版本已经最新
2011-10-26 10:52:36  释放连接

2011-10-26 10:52:36  等待STB连接!waiting...
2011-10-26 10:52:50  网络线程已退出
2011-10-26 10:52:52  退出程序

